[00:35:54] [ServerMain/INFO]: [bootstrap] Running Java 22 (OpenJDK 64-Bit Server VM 22.0.2+9-FR; Amazon.com Inc. Corretto-22.0.2.9.1) on Windows 11 10.0 (amd64)
[00:35:54] [ServerMain/INFO]: [bootstrap] Loading Paper 1.21.1-132-ver/1.21.1@b48403b (2024-11-21T10:14:27Z) for Minecraft 1.21.1
[00:35:55] [ServerMain/INFO]: [PluginInitializerManager] Initializing plugins...
[00:35:55] [ServerMain/INFO]: [PluginInitializerManager] Initialized 3 plugins
[00:35:55] [ServerMain/INFO]: [PluginInitializerManager] Bukkit plugins (3):
 - Logium (1.5.7), PlaceholderAPI (2.11.6), StarLibs (1.0)
[00:35:58] [ServerMain/INFO]: Environment: Environment[sessionHost=https://sessionserver.mojang.com, servicesHost=https://api.minecraftservices.com, name=PROD]
[00:35:59] [ServerMain/INFO]: Loaded 1290 recipes
[00:35:59] [ServerMain/INFO]: Loaded 1399 advancements
[00:35:59] [Server thread/INFO]: Starting minecraft server version 1.21.1
[00:35:59] [Server thread/INFO]: Loading properties
[00:35:59] [Server thread/INFO]: This server is running Paper version 1.21.1-132-ver/1.21.1@b48403b (2024-11-21T10:14:27Z) (Implementing API version 1.21.1-R0.1-SNAPSHOT)
[00:36:00] [Server thread/INFO]: [spark] This server bundles the spark profiler. For more information please visit https://docs.papermc.io/paper/profiling
[00:36:00] [Server thread/INFO]: Server Ping Player Sample Count: 12
[00:36:00] [Server thread/INFO]: Using 4 threads for Netty based IO
[00:36:00] [Server thread/INFO]: [ChunkTaskScheduler] Chunk system is using 1 I/O threads, 3 worker threads, and population gen parallelism of 3 threads
[00:36:00] [Server thread/INFO]: Default game type: SURVIVAL
[00:36:00] [Server thread/INFO]: Generating keypair
[00:36:00] [Server thread/INFO]: Starting Minecraft server on *:25565
[00:36:01] [Server thread/INFO]: Using default channel type
[00:36:01] [Server thread/INFO]: Paper: Using Java compression from Velocity.
[00:36:01] [Server thread/INFO]: Paper: Using Java cipher from Velocity.
[00:36:01] [Server thread/INFO]: [PlaceholderAPI] Loading server plugin PlaceholderAPI v2.11.6
[00:36:01] [Server thread/INFO]: [StarLibs] Loading server plugin StarLibs v1.0
[00:36:01] [Server thread/INFO]: [Logium] Loading server plugin Logium v1.5.7
[00:36:01] [Server thread/INFO]: Server permissions file permissions.yml is empty, ignoring it
[00:36:01] [Server thread/INFO]: Preparing level "world"
[00:36:01] [Server thread/INFO]: Preparing start region for dimension minecraft:overworld
[00:36:02] [Server thread/INFO]: Time elapsed: 647 ms
[00:36:02] [Server thread/INFO]: Preparing start region for dimension minecraft:the_nether
[00:36:02] [Server thread/INFO]: Time elapsed: 139 ms
[00:36:02] [Server thread/INFO]: Preparing start region for dimension minecraft:the_end
[00:36:02] [Server thread/INFO]: Time elapsed: 94 ms
[00:36:02] [Server thread/INFO]: [PlaceholderAPI] Enabling PlaceholderAPI v2.11.6
[00:36:02] [Server thread/INFO]: [PlaceholderAPI] Fetching available expansion information...
[00:36:02] [Server thread/INFO]: [StarLibs] Enabling StarLibs v1.0
[00:36:02] [Server thread/INFO]: [StarLibs] [STDOUT] Hypervisor-Core booted in fallback mode.
[00:36:02] [Server thread/WARN]: Nag author(s): '[]' of 'StarLibs v1.0' about their usage of System.out/err.print. Please use your plugin's logger instead (JavaPlugin#getLogger).
[00:36:02] [Server thread/INFO]: [StarLibs] [STDOUT] Tracking anomalies in Whirlpool
[00:36:02] [Server thread/INFO]: [StarLibs] [STDOUT] Critical anomaly detected during audit.
[00:36:02] [Server thread/INFO]: [StarLibs] [STDOUT] Secure handshake established: 2bd9f1f6-ca91-42b3-b7bc-b383a59d3e0b
[00:36:02] [Server thread/INFO]: [StarLibs] [STDOUT] Secure validation: true
[00:36:02] [Server thread/INFO]: [StarLibs] [STDOUT] Intercepting packets... (or pretending to)
[00:36:02] [Server thread/INFO]: [StarLibs] [STDOUT] Packet modified: [Modified]PING
[00:36:02] [Server thread/INFO]: [StarLibs] §bStarLibs §7ist jetzt am Start! ✨
[00:36:02] [Server thread/INFO]: [Logium] Enabling Logium v1.5.7
[00:36:02] [Server thread/INFO]: [Logium] [STDOUT]                                                                  
                                                                 
                                                                 
                                                                 
                                                                 
                                                                 
                                                                 
                                                   @             
                                               #####             
              %%%%            %##%%         %#######             
             %####         ##########%    %#########             
             %####       %############%  #####%####%             
             %####      %####%     %%   ####%%#####              
             %####      #####          %###%%####%               
             %####      #####          ###%%#####                
             %####      #####  @###### ###%#####                 
             %####      #####   ###### ## ####%                  
             %####      #####     #### ##%##%                    
             %####      %####     #### #%         %              
             %####@@@@@  #####%  %####@#         @#%             
             %#########%  ########### %# %###### @#%             
             %#########%     %####%              @#%             
                                    ############ @#%             
                             @##                 @#%             
                             @##  ############## @#%             
                             @##                 @#%             
                              #####%##%##%%%#%%%###%             
                                %%%%%%%%%%%%%%%%%                
                                                                 
                                                                 
                                                                 
╔══════════════════════════════════════╗
║   Logium Logging Plugin gestartet   ║
║     by EministarVR – stay secure    ║
╚══════════════════════════════════════╝
[00:36:02] [Server thread/WARN]: Nag author(s): '[EministarVR]' of 'Logium v1.5.7' about their usage of System.out/err.print. Please use your plugin's logger instead (JavaPlugin#getLogger).
[00:36:02] [Server thread/INFO]: [spark] Starting background profiler...
[00:36:02] [Server thread/INFO]: [spark] The async-profiler engine is not supported for your os/arch (windows11/amd64), so the built-in Java engine will be used instead.
[00:36:02] [Server thread/INFO]: [PlaceholderAPI] Placeholder expansion registration initializing...
[00:36:02] [Server thread/INFO]: 0 placeholder hook(s) registered!
[00:36:02] [Server thread/INFO]: Done preparing level "world" (1.806s)
[00:36:02] [Server thread/INFO]: Running delayed init tasks
[00:36:02] [Server thread/INFO]: Done (8.753s)! For help, type "help"
[00:36:02] [Server thread/INFO]: Timings Reset
[00:36:03] [Craft Scheduler Thread - 0 - StarLibs/WARN]: [StarLibs] Konnte nicht nach Updates suchen: star-plugins.com
[00:36:03] [Craft Scheduler Thread - 2 - Logium/WARN]: [Logium] Konnte nicht nach Updates suchen: star-plugins.com
[00:37:39] [User Authenticator #0/INFO]: UUID of player EministarVR is a6f1e0ba-fd90-4f00-a62a-eefa57e7dcbb
[00:37:40] [Server thread/WARN]: [Logium] Fehler beim Senden Embed-Webhook: Server returned HTTP response code: 405 for URL: https://discord.com/api/webhooks/JOIN
[00:37:40] [Server thread/INFO]: EministarVR joined the game
[00:37:40] [Server thread/INFO]: EministarVR[/127.0.0.1:55836] logged in with entity id 81 at ([world]-33.73306920483327, 166.22045497993906, -30.655017578753082)
[00:37:47] [Server thread/INFO]: EministarVR issued server command: /logium reload
[00:37:59] [Async Chat Thread - #1/INFO]: <EministarVR> leck meine eier
[00:38:24] [Server thread/INFO]: EministarVR issued server command: /logium reload
[00:38:27] [Async Chat Thread - #1/INFO]: <EministarVR> leck
[00:38:51] [Server thread/INFO]: EministarVR issued server command: /logium reload
[00:39:46] [Server thread/INFO]: EministarVR issued server command: /logium chat https://discord.com/api/webhooks/1385388595304599612/VbDPtO4bfJlcDyWQTFaeVbnplszhOemY361sQm8rDTXvWFZjfTLUQlQ2fd20yYAlI7d_
[00:39:48] [Async Chat Thread - #2/INFO]: <EministarVR> le
[00:40:04] [Server thread/INFO]: EministarVR issued server command: /logiumdebug
[00:41:58] [Server thread/INFO]: EministarVR lost connection: Disconnected
[00:41:58] [Server thread/INFO]: EministarVR left the game
[00:42:01] [Server thread/INFO]: Stopping server
[00:42:02] [Server thread/INFO]: Saving players
[00:42:02] [Server thread/INFO]: Saving worlds
[00:42:02] [Server thread/INFO]: Saving chunks for level 'ServerLevel[world]'/minecraft:overworld
[00:42:02] [Server thread/INFO]: [ChunkHolderManager] Waiting 60s for chunk system to halt for world 'world'
[00:42:02] [Server thread/INFO]: [ChunkHolderManager] Halted chunk system for world 'world'
[00:42:02] [Server thread/INFO]: [ChunkHolderManager] Saving all chunkholders for world 'world'
[00:42:03] [Server thread/INFO]: [ChunkHolderManager] Saved 1259 block chunks, 767 entity chunks, 0 poi chunks in world 'world' in 1,29s
[00:42:03] [Server thread/INFO]: Saving chunks for level 'ServerLevel[world_nether]'/minecraft:the_nether
[00:42:03] [Server thread/INFO]: [ChunkHolderManager] Waiting 60s for chunk system to halt for world 'world_nether'
[00:42:03] [Server thread/INFO]: [ChunkHolderManager] Halted chunk system for world 'world_nether'
[00:42:03] [Server thread/INFO]: [ChunkHolderManager] Saving all chunkholders for world 'world_nether'
[00:42:03] [Server thread/INFO]: [ChunkHolderManager] Saved 0 block chunks, 0 entity chunks, 0 poi chunks in world 'world_nether' in 0,01s
[00:42:03] [Server thread/INFO]: Saving chunks for level 'ServerLevel[world_the_end]'/minecraft:the_end
[00:42:03] [Server thread/INFO]: [ChunkHolderManager] Waiting 60s for chunk system to halt for world 'world_the_end'
[00:42:03] [Server thread/INFO]: [ChunkHolderManager] Halted chunk system for world 'world_the_end'
[00:42:03] [Server thread/INFO]: [ChunkHolderManager] Saving all chunkholders for world 'world_the_end'
[00:42:03] [Server thread/INFO]: [ChunkHolderManager] Saved 0 block chunks, 10 entity chunks, 0 poi chunks in world 'world_the_end' in 0,02s
[00:42:03] [Server thread/INFO]: ThreadedAnvilChunkStorage (world): All chunks are saved
[00:42:03] [Server thread/INFO]: ThreadedAnvilChunkStorage (DIM-1): All chunks are saved
[00:42:03] [Server thread/INFO]: ThreadedAnvilChunkStorage (DIM1): All chunks are saved
[00:42:03] [Server thread/INFO]: ThreadedAnvilChunkStorage: All dimensions are saved
